<?xml version="1.0" encoding="UTF-8"?>
<!-- Generated by org.testng.reporters.JUnitReportReporter -->
<testsuite skipped="0" hostname="DESKTOP-8V9ACPV" name="week5.day2.CreateLead" tests="2" failures="0" timestamp="14 Apr 2019 03:42:58 GMT" time="30.678" errors="0">
  <testcase name="cLead1" time="14.158" classname="week5.day2.CreateLead"/>
  <testcase name="cLead1" time="16.520" classname="week5.day2.CreateLead"/>
</testsuite> <!-- week5.day2.CreateLead -->
