<?xml version="1.0" encoding="UTF-8"?>
<!-- Generated by org.testng.reporters.JUnitReportReporter -->
<testsuite skipped="0" hostname="SVDW10ACV030016" name="testcases.TC101_Login" tests="2" failures="0" timestamp="19 Apr 2019 05:57:20 GMT" time="98.856" errors="0">
  <testcase name="logIn" time="49.384" classname="testcases.TC101_Login"/>
  <testcase name="logIn" time="49.472" classname="testcases.TC101_Login"/>
</testsuite> <!-- testcases.TC101_Login -->
